<?xml version="1.0" encoding="UTF-8"?>
<!-- Generated by org.testng.reporters.JUnitXMLReporter -->
<testsuite ignored="0" hostname="Loukik" failures="0" tests="4" name="Test" time="36.803" errors="0" timestamp="2022-03-25T00:38:04 IST">
  <testcase classname="testcases.LoginTest" name="ExternalDataTest" time="6.086"/>
  <testcase classname="testcases.LoginTest" name="LoginFailureTest" time="6.754"/>
  <testcase classname="testcases.LoginTest" name="LoginSuccessTest" time="5.548"/>
  <testcase classname="testcases.LoginTest" name="ParameterizedTest" time="6.014"/>
</testsuite> <!-- Test -->
