<?xml version="1.0" encoding="UTF-8"?>
<testng-results ignored="0" total="4" passed="4" failed="0" skipped="0">
  <reporter-output>
  </reporter-output>
  <suite started-at="2022-03-25T00:37:27 IST" name="Suite" finished-at="2022-03-25T00:38:04 IST" duration-ms="36803">
    <groups>
    </groups>
    <test started-at="2022-03-25T00:37:27 IST" name="Test" finished-at="2022-03-25T00:38:04 IST" duration-ms="36803">
      <class name="testcases.LoginTest">
        <test-method is-config="true" signature="DataSetUP()[pri:0, instance:testcases.LoginTest@18d87d80]" started-at="2022-03-25T00:37:27 IST" name="DataSetUP" finished-at="2022-03-25T00:37:28 IST" duration-ms="804" status="PASS">
          <reporter-output>
          </reporter-output>
        </test-method> <!-- DataSetUP -->
        <test-method is-config="true" signature="SetUp(java.lang.reflect.Method)[pri:0, instance:testcases.LoginTest@18d87d80]" started-at="2022-03-25T00:37:28 IST" name="SetUp" finished-at="2022-03-25T00:37:31 IST" duration-ms="3236" status="PASS">
          <params>
            <param index="0">
              <value>
                <![CDATA[public void testcases.LoginTest.ExternalDataTest()]]>
              </value>
            </param>
          </params>
          <reporter-output>
          </reporter-output>
        </test-method> <!-- SetUp -->
        <test-method signature="ExternalDataTest()[pri:0, instance:testcases.LoginTest@18d87d80]" started-at="2022-03-25T00:37:31 IST" name="ExternalDataTest" finished-at="2022-03-25T00:37:38 IST" duration-ms="6086" status="PASS">
          <reporter-output>
          </reporter-output>
        </test-method> <!-- ExternalDataTest -->
        <test-method is-config="true" signature="TearDown()[pri:0, instance:testcases.LoginTest@18d87d80]" started-at="2022-03-25T00:37:38 IST" name="TearDown" finished-at="2022-03-25T00:37:38 IST" duration-ms="239" status="PASS">
          <reporter-output>
          </reporter-output>
        </test-method> <!-- TearDown -->
        <test-method is-config="true" signature="SetUp(java.lang.reflect.Method)[pri:0, instance:testcases.LoginTest@18d87d80]" started-at="2022-03-25T00:37:38 IST" name="SetUp" finished-at="2022-03-25T00:37:40 IST" duration-ms="2662" status="PASS">
          <params>
            <param index="0">
              <value>
                <![CDATA[public void testcases.LoginTest.LoginFailureTest()]]>
              </value>
            </param>
          </params>
          <reporter-output>
          </reporter-output>
        </test-method> <!-- SetUp -->
        <test-method signature="LoginFailureTest()[pri:0, instance:testcases.LoginTest@18d87d80]" started-at="2022-03-25T00:37:40 IST" name="LoginFailureTest" finished-at="2022-03-25T00:37:47 IST" duration-ms="6754" status="PASS">
          <reporter-output>
          </reporter-output>
        </test-method> <!-- LoginFailureTest -->
        <test-method is-config="true" signature="TearDown()[pri:0, instance:testcases.LoginTest@18d87d80]" started-at="2022-03-25T00:37:47 IST" name="TearDown" finished-at="2022-03-25T00:37:47 IST" duration-ms="145" status="PASS">
          <reporter-output>
          </reporter-output>
        </test-method> <!-- TearDown -->
        <test-method is-config="true" signature="SetUp(java.lang.reflect.Method)[pri:0, instance:testcases.LoginTest@18d87d80]" started-at="2022-03-25T00:37:47 IST" name="SetUp" finished-at="2022-03-25T00:37:50 IST" duration-ms="2315" status="PASS">
          <params>
            <param index="0">
              <value>
                <![CDATA[public void testcases.LoginTest.LoginSuccessTest()]]>
              </value>
            </param>
          </params>
          <reporter-output>
          </reporter-output>
        </test-method> <!-- SetUp -->
        <test-method signature="LoginSuccessTest()[pri:0, instance:testcases.LoginTest@18d87d80]" started-at="2022-03-25T00:37:50 IST" name="LoginSuccessTest" finished-at="2022-03-25T00:37:55 IST" duration-ms="5548" status="PASS">
          <reporter-output>
          </reporter-output>
        </test-method> <!-- LoginSuccessTest -->
        <test-method is-config="true" signature="TearDown()[pri:0, instance:testcases.LoginTest@18d87d80]" started-at="2022-03-25T00:37:55 IST" name="TearDown" finished-at="2022-03-25T00:37:55 IST" duration-ms="159" status="PASS">
          <reporter-output>
          </reporter-output>
        </test-method> <!-- TearDown -->
        <test-method is-config="true" signature="SetUp(java.lang.reflect.Method)[pri:0, instance:testcases.LoginTest@18d87d80]" started-at="2022-03-25T00:37:55 IST" name="SetUp" finished-at="2022-03-25T00:37:58 IST" duration-ms="2384" status="PASS">
          <params>
            <param index="0">
              <value>
                <![CDATA[public void testcases.LoginTest.ParameterizedTest(java.lang.String,java.lang.String)]]>
              </value>
            </param>
          </params>
          <reporter-output>
          </reporter-output>
        </test-method> <!-- SetUp -->
        <test-method signature="ParameterizedTest(java.lang.String,java.lang.String)[pri:0, instance:testcases.LoginTest@18d87d80]" started-at="2022-03-25T00:37:58 IST" name="ParameterizedTest" finished-at="2022-03-25T00:38:04 IST" duration-ms="6014" status="PASS">
          <params>
            <param index="0">
              <value>
                <![CDATA[xyx@abc.com]]>
              </value>
            </param>
            <param index="1">
              <value>
                <![CDATA[Abc@1234]]>
              </value>
            </param>
          </params>
          <reporter-output>
          </reporter-output>
        </test-method> <!-- ParameterizedTest -->
        <test-method is-config="true" signature="TearDown()[pri:0, instance:testcases.LoginTest@18d87d80]" started-at="2022-03-25T00:38:04 IST" name="TearDown" finished-at="2022-03-25T00:38:04 IST" duration-ms="163" status="PASS">
          <reporter-output>
          </reporter-output>
        </test-method> <!-- TearDown -->
        <test-method is-config="true" signature="DataTearDown()[pri:0, instance:testcases.LoginTest@18d87d80]" started-at="2022-03-25T00:38:04 IST" name="DataTearDown" finished-at="2022-03-25T00:38:04 IST" duration-ms="242" status="PASS">
          <reporter-output>
          </reporter-output>
        </test-method> <!-- DataTearDown -->
      </class> <!-- testcases.LoginTest -->
    </test> <!-- Test -->
  </suite> <!-- Suite -->
</testng-results>
